# JRE version: OpenJDK Runtime Environment (8.0_242-b01) (build 1.8.0_242-release-1644-b01)
# Java VM: OpenJDK 64-Bit Server VM (25.242-b01 mixed mode windows-amd64 compressed oops)
Heap:
 PSYoungGen      total 403968K, used 147431K [0x00000000d5580000, 0x0000000100000000, 0x0000000100000000)
  eden space 256512K, 0% used [0x00000000d5580000,0x00000000d5580000,0x00000000e5000000)
  from space 147456K, 99% used [0x00000000f7000000,0x00000000ffff9ff0,0x0000000100000000)
  to   space 221184K, 0% used [0x00000000e5000000,0x00000000e5000000,0x00000000f2800000)
 ParOldGen       total 437760K, used 409978K [0x0000000080000000, 0x000000009ab80000, 0x00000000d5580000)
  object space 437760K, 93% used [0x0000000080000000,0x000000009905ea20,0x000000009ab80000)
 Metaspace       used 137748K, capacity 148122K, committed 148272K, reserved 1177600K
  class space    used 17673K, capacity 19662K, committed 19760K, reserved 1048576K
GC Heap History (10 events):
Event: 1371.819 GC heap after
Heap after GC invocations=62 (full 6):
 PSYoungGen      total 562688K, used 80751K [0x00000000d5580000, 0x0000000100000000, 0x0000000100000000)
  eden space 427520K, 0% used [0x00000000d5580000,0x00000000d5580000,0x00000000ef700000)
  from space 135168K, 59% used [0x00000000f7c00000,0x00000000fcadbd38,0x0000000100000000)
  to   space 135680K, 0% used [0x00000000ef700000,0x00000000ef700000,0x00000000f7b80000)
 ParOldGen       total 437760K, used 312290K [0x0000000080000000, 0x000000009ab80000, 0x00000000d5580000)
  object space 437760K, 71% used [0x0000000080000000,0x00000000930f8940,0x000000009ab80000)
 Metaspace       used 127171K, capacity 136418K, committed 136752K, reserved 1167360K
  class space    used 16305K, capacity 18138K, committed 18224K, reserved 1048576K
}
Event: 1381.561 GC heap before
{Heap before GC invocations=63 (full 6):
 PSYoungGen      total 562688K, used 508271K [0x00000000d5580000, 0x0000000100000000, 0x0000000100000000)
  eden space 427520K, 100% used [0x00000000d5580000,0x00000000ef700000,0x00000000ef700000)
  from space 135168K, 59% used [0x00000000f7c00000,0x00000000fcadbd38,0x0000000100000000)
  to   space 135680K, 0% used [0x00000000ef700000,0x00000000ef700000,0x00000000f7b80000)
 ParOldGen       total 437760K, used 312290K [0x0000000080000000, 0x000000009ab80000, 0x00000000d5580000)
  object space 437760K, 71% used [0x0000000080000000,0x00000000930f8940,0x000000009ab80000)
 Metaspace       used 127421K, capacity 136724K, committed 137008K, reserved 1167360K
  class space    used 16328K, capacity 18173K, committed 18224K, reserved 1048576K
Event: 1381.729 GC heap after
Heap after GC invocations=63 (full 6):
 PSYoungGen      total 501760K, used 73751K [0x00000000d5580000, 0x00000000ffa80000, 0x0000000100000000)
  eden space 427520K, 0% used [0x00000000d5580000,0x00000000d5580000,0x00000000ef700000)
  from space 74240K, 99% used [0x00000000ef700000,0x00000000f3f05c50,0x00000000f3f80000)
  to   space 132608K, 0% used [0x00000000f7900000,0x00000000f7900000,0x00000000ffa80000)
 ParOldGen       total 437760K, used 312298K [0x0000000080000000, 0x000000009ab80000, 0x00000000d5580000)
  object space 437760K, 71% used [0x0000000080000000,0x00000000930fa940,0x000000009ab80000)
 Metaspace       used 127421K, capacity 136724K, committed 137008K, reserved 1167360K
  class space    used 16328K, capacity 18173K, committed 18224K, reserved 1048576K
}
Event: 1465.616 GC heap before
{Heap before GC invocations=64 (full 6):
 PSYoungGen      total 501760K, used 501271K [0x00000000d5580000, 0x00000000ffa80000, 0x0000000100000000)
  eden space 427520K, 100% used [0x00000000d5580000,0x00000000ef700000,0x00000000ef700000)
  from space 74240K, 99% used [0x00000000ef700000,0x00000000f3f05c50,0x00000000f3f80000)
  to   space 132608K, 0% used [0x00000000f7900000,0x00000000f7900000,0x00000000ffa80000)
 ParOldGen       total 437760K, used 312298K [0x0000000080000000, 0x000000009ab80000, 0x00000000d5580000)
  object space 437760K, 71% used [0x0000000080000000,0x00000000930fa940,0x000000009ab80000)
 Metaspace       used 135922K, capacity 146214K, committed 146352K, reserved 1175552K
  class space    used 17539K, capacity 19514K, committed 19632K, reserved 1048576K
Event: 1465.983 GC heap after
Heap after GC invocations=64 (full 6):
 PSYoungGen      total 536576K, used 121549K [0x00000000d5580000, 0x0000000100000000, 0x0000000100000000)
  eden space 403968K, 0% used [0x00000000d5580000,0x00000000d5580000,0x00000000ee000000)
  from space 132608K, 91% used [0x00000000f7900000,0x00000000fefb3698,0x00000000ffa80000)
  to   space 147456K, 0% used [0x00000000ee000000,0x00000000ee000000,0x00000000f7000000)
 ParOldGen       total 437760K, used 312306K [0x0000000080000000, 0x000000009ab80000, 0x00000000d5580000)
  object space 437760K, 71% used [0x0000000080000000,0x00000000930fc940,0x000000009ab80000)
 Metaspace       used 135922K, capacity 146214K, committed 146352K, reserved 1175552K
  class space    used 17539K, capacity 19514K, committed 19632K, reserved 1048576K
}
Event: 1480.618 GC heap before
{Heap before GC invocations=65 (full 6):
 PSYoungGen      total 536576K, used 525517K [0x00000000d5580000, 0x0000000100000000, 0x0000000100000000)
  eden space 403968K, 100% used [0x00000000d5580000,0x00000000ee000000,0x00000000ee000000)
  from space 132608K, 91% used [0x00000000f7900000,0x00000000fefb3698,0x00000000ffa80000)
  to   space 147456K, 0% used [0x00000000ee000000,0x00000000ee000000,0x00000000f7000000)
 ParOldGen       total 437760K, used 312306K [0x0000000080000000, 0x000000009ab80000, 0x00000000d5580000)
  object space 437760K, 71% used [0x0000000080000000,0x00000000930fc940,0x000000009ab80000)
 Metaspace       used 137400K, capacity 147740K, committed 147888K, reserved 1177600K
  class space    used 17644K, capacity 19615K, committed 19632K, reserved 1048576K
Event: 1480.993 GC heap after
Heap after GC invocations=65 (full 6):
 PSYoungGen      total 551424K, used 147438K [0x00000000d5580000, 0x0000000100000000, 0x0000000100000000)
  eden space 403968K, 0% used [0x00000000d5580000,0x00000000d5580000,0x00000000ee000000)
  from space 147456K, 99% used [0x00000000ee000000,0x00000000f6ffbb60,0x00000000f7000000)
  to   space 147456K, 0% used [0x00000000f7000000,0x00000000f7000000,0x0000000100000000)
 ParOldGen       total 437760K, used 319161K [0x0000000080000000, 0x000000009ab80000, 0x00000000d5580000)
  object space 437760K, 72% used [0x0000000080000000,0x00000000937ae7a8,0x000000009ab80000)
 Metaspace       used 137400K, capacity 147740K, committed 147888K, reserved 1177600K
  class space    used 17644K, capacity 19615K, committed 19632K, reserved 1048576K
}
Event: 1489.818 GC heap before
{Heap before GC invocations=66 (full 6):
 PSYoungGen      total 551424K, used 551406K [0x00000000d5580000, 0x0000000100000000, 0x0000000100000000)
  eden space 403968K, 100% used [0x00000000d5580000,0x00000000ee000000,0x00000000ee000000)
  from space 147456K, 99% used [0x00000000ee000000,0x00000000f6ffbb60,0x00000000f7000000)
  to   space 147456K, 0% used [0x00000000f7000000,0x00000000f7000000,0x0000000100000000)
 ParOldGen       total 437760K, used 319161K [0x0000000080000000, 0x000000009ab80000, 0x00000000d5580000)
  object space 437760K, 72% used [0x0000000080000000,0x00000000937ae7a8,0x000000009ab80000)
 Metaspace       used 137748K, capacity 148122K, committed 148272K, reserved 1177600K
  class space    used 17673K, capacity 19662K, committed 19760K, reserved 1048576K
Event: 1490.419 GC heap after
Heap after GC invocations=66 (full 6):
 PSYoungGen      total 403968K, used 147431K [0x00000000d5580000, 0x0000000100000000, 0x0000000100000000)
  eden space 256512K, 0% used [0x00000000d5580000,0x00000000d5580000,0x00000000e5000000)
  from space 147456K, 99% used [0x00000000f7000000,0x00000000ffff9ff0,0x0000000100000000)
  to   space 221184K, 0% used [0x00000000e5000000,0x00000000e5000000,0x00000000f2800000)
 ParOldGen       total 437760K, used 409978K [0x0000000080000000, 0x000000009ab80000, 0x00000000d5580000)
  object space 437760K, 93% used [0x0000000080000000,0x000000009905ea20,0x000000009ab80000)
 Metaspace       used 137748K, capacity 148122K, committed 148272K, reserved 1177600K
  class space    used 17673K, capacity 19662K, committed 19760K, reserved 1048576K
}
Event: 1490.419 GC heap before
{Heap before GC invocations=67 (full 7):
 PSYoungGen      total 403968K, used 147431K [0x00000000d5580000, 0x0000000100000000, 0x0000000100000000)
  eden space 256512K, 0% used [0x00000000d5580000,0x00000000d5580000,0x00000000e5000000)
  from space 147456K, 99% used [0x00000000f7000000,0x00000000ffff9ff0,0x0000000100000000)
  to   space 221184K, 0% used [0x00000000e5000000,0x00000000e5000000,0x00000000f2800000)
 ParOldGen       total 437760K, used 409978K [0x0000000080000000, 0x000000009ab80000, 0x00000000d5580000)
  object space 437760K, 93% used [0x0000000080000000,0x000000009905ea20,0x000000009ab80000)
 Metaspace       used 137748K, capacity 148122K, committed 148272K, reserved 1177600K
  class space    used 17673K, capacity 19662K, committed 19760K, reserved 1048576K

